Generated by lqns, version 4.3

Copyright the Real-Time and Distributed Systems Group,
Department of Systems and Computer Engineering
Carleton University, Ottawa, Ontario, Canada. K1S 5B6

Input:  D:\Programme\eclipse\dev-ganymede-nightly\pcm2lqn_result.xml
Output: D:\Programme\eclipse\dev-ganymede-nightly\pcm2lqn_result.out
Command line: lqns
Comment: Generated by PCM2LQN on Tue Aug 17 10:31:00 CEST 2010


Convergence test value: 6.0807e-06
Number of iterations:   16

MVA solver information: 
Submdl  n   k srv     step()       mean     stddev     wait()       mean     stddev    Elapsed   
1      16   1   1        175     10.938    0.24206       3830     239.38     10.167  0:00:00.00 
2      31   1   3        339     10.935    0.35337      14844     478.84      28.27  0:00:00.00 
3      31   3   3       1658     53.484     2.6503 1.6001e+06      51616     5772.3  0:00:00.00 
4      16   2   2        304         19          0      46208       2888          0  0:00:00.00 
Total  94   0   0       2476      26.34     19.317  1.665e+06      17712      24029  0:00:00.00 

    Elapsed:  0:00:00.00


Processor identifiers and scheduling algorithms:

Processor Name                                  Type    Copies  Scheduling
Server Node 1_CPU_Processor                     Uni       1     PS          (PS_Server)
Server Node 2_CPU_Processor                     Uni       1     PS          (PS_Server)
Server Node 3_CPU_Processor                     Uni       1     PS          (PS_Server)



Task information:

Task Name                                       Type    Copies  Processor Name                                  Pri Think Time  Entry List
Component1_Interface1_service1_45_Task          mult(100) 1     --                                              0               Component1_Interface1_service1_45_Entry          : StartAction_aName_456, InternalAction_action_4570, BranchAction_branch_458, StartAction_aName_459, ExternalCallAction_aName_4510, StopAction_aName_4517, StartAction_aName_4518, ExternalCallAction_aName_4519, StopAction_aName_4531, StopAction_aName_4532(Rolia_Multi_Server)
Component2_Interface2_service2_1112_Task        mult(100) 1     --                                              0               Component2_Interface2_service2_1112_Entry        : StartAction_aName_111213, InternalAction_action1_1112140, InternalAction_action2_1112150, StopAction_aName_111216(Rolia_Multi_Server)
Component3_Interface3_service3_2021_Task        mult(100) 1     --                                              0               Component3_Interface3_service3_2021_Entry        : StartAction_aName_202122, BranchAction_aName_202123, StartAction_aName_202124, InternalAction_action1_2021250, StopAction_aName_202126, StartAction_aName_202127, InternalAction_action2_2021280, StopAction_aName_202129, StopAction_aName_202130(Rolia_Multi_Server)
Server Node 1_CPU_Task                          mult(100) 1     Server Node 1_CPU_Processor                     0               InternalAction_action_4570_Entry, Server Node 1_CPU_Entry(Rolia_Multi_Server)
Server Node 2_CPU_Task                          mult(100) 1     Server Node 2_CPU_Processor                     0               InternalAction_action1_1112140_Entry, InternalAction_action2_1112150_Entry, Server Node 2_CPU_Entry(Rolia_Multi_Server)
Server Node 3_CPU_Task                          mult(100) 1     Server Node 3_CPU_Processor                     0               InternalAction_action1_2021250_Entry, InternalAction_action2_2021280_Entry, Server Node 3_CPU_Entry(Rolia_Multi_Server)
UsageScenario_defaultUsageScenario_1_Task       ref(25)   1     --                                              0   5           UsageScenario_defaultUsageScenario_1_Entry       : Start2, EntryLevelSystemCall3, Stop33



Entry execution demands:

Task Name                                       Entry Name                                      Phase 1     
Component1_Interface1_service1_45_Task          Component1_Interface1_service1_45_Entry         0           
                                                Activity Name
                                                StartAction_aName_456                           0
                                                InternalAction_action_4570                      0
                                                BranchAction_branch_458                         0
                                                StartAction_aName_459                           0
                                                ExternalCallAction_aName_4510                   0
                                                StopAction_aName_4517                           0
                                                StartAction_aName_4518                          0
                                                ExternalCallAction_aName_4519                   0
                                                StopAction_aName_4531                           0
                                                StopAction_aName_4532                           0
Component2_Interface2_service2_1112_Task        Component2_Interface2_service2_1112_Entry       0           
                                                Activity Name
                                                StartAction_aName_111213                        0
                                                InternalAction_action1_1112140                  0
                                                InternalAction_action2_1112150                  0
                                                StopAction_aName_111216                         0
Component3_Interface3_service3_2021_Task        Component3_Interface3_service3_2021_Entry       0           
                                                Activity Name
                                                StartAction_aName_202122                        0
                                                BranchAction_aName_202123                       0
                                                StartAction_aName_202124                        0
                                                InternalAction_action1_2021250                  0
                                                StopAction_aName_202126                         0
                                                StartAction_aName_202127                        0
                                                InternalAction_action2_2021280                  0
                                                StopAction_aName_202129                         0
                                                StopAction_aName_202130                         0
Server Node 1_CPU_Task                          InternalAction_action_4570_Entry                0.428571    
                                                Server Node 1_CPU_Entry                         0           
Server Node 2_CPU_Task                          InternalAction_action1_1112140_Entry            0.08        
                                                InternalAction_action2_1112150_Entry            0.05        
                                                Server Node 2_CPU_Entry                         0           
Server Node 3_CPU_Task                          InternalAction_action1_2021250_Entry            0.1         
                                                InternalAction_action2_2021280_Entry            0.13        
                                                Server Node 3_CPU_Entry                         0           
UsageScenario_defaultUsageScenario_1_Task       UsageScenario_defaultUsageScenario_1_Entry      0           
                                                Activity Name
                                                Start2                                          0
                                                EntryLevelSystemCall3                           0
                                                Stop33                                          0


Mean number of rendezvous from entry to entry:

Task Name                                       Source Entry                                    Target Entry                                    Phase 1     
Component1_Interface1_service1_45_Task          Activity                                        
                                                InternalAction_action_4570                      InternalAction_action_4570_Entry                1
                                                ExternalCallAction_aName_4510                   Component2_Interface2_service2_1112_Entry       1
                                                ExternalCallAction_aName_4519                   Component3_Interface3_service3_2021_Entry       1
Component2_Interface2_service2_1112_Task        Activity                                        
                                                InternalAction_action1_1112140                  InternalAction_action1_1112140_Entry            1
                                                InternalAction_action2_1112150                  InternalAction_action2_1112150_Entry            1
Component3_Interface3_service3_2021_Task        Activity                                        
                                                InternalAction_action1_2021250                  InternalAction_action1_2021250_Entry            1
                                                InternalAction_action2_2021280                  InternalAction_action2_2021280_Entry            1
UsageScenario_defaultUsageScenario_1_Task       Activity                                        
                                                EntryLevelSystemCall3                           Component1_Interface1_service1_45_Entry         1


Phase type flags:
All phases are stochastic.


Squared coefficient of variation of execution segments:
All executable segments are exponential.


Open arrival rates per entry:
All open arrival rates are 0.


Type 1 throughput bounds: 

Task Name                                       Entry Name                                      Throughput  
Component1_Interface1_service1_45_Task          Component1_Interface1_service1_45_Entry         639.732     
Component2_Interface2_service2_1112_Task        Component2_Interface2_service2_1112_Entry       3076.92     
Component3_Interface3_service3_2021_Task        Component3_Interface3_service3_2021_Entry       2542.37     
Server Node 1_CPU_Task                          InternalAction_action_4570_Entry                816.667     
                                                Server Node 1_CPU_Entry                         0           
Server Node 2_CPU_Task                          InternalAction_action1_1112140_Entry            5000        
                                                InternalAction_action2_1112150_Entry            8000        
                                                Server Node 2_CPU_Entry                         0           
Server Node 3_CPU_Task                          InternalAction_action1_2021250_Entry            3000        
                                                InternalAction_action2_2021280_Entry            2307.69     
                                                Server Node 3_CPU_Entry                         0           
UsageScenario_defaultUsageScenario_1_Task       UsageScenario_defaultUsageScenario_1_Entry      4.84842     


Mean delay for a rendezvous:

Task Name                                       Source Entry                                    Target Entry                                    Phase 1     
Component1_Interface1_service1_45_Task          Activity Name
                                                InternalAction_action_4570                      InternalAction_action_4570_Entry                0           
                                                ExternalCallAction_aName_4510                   Component2_Interface2_service2_1112_Entry       0           
                                                ExternalCallAction_aName_4519                   Component3_Interface3_service3_2021_Entry       0           
Component2_Interface2_service2_1112_Task        Activity Name
                                                InternalAction_action1_1112140                  InternalAction_action1_1112140_Entry            4.85372e-09 
                                                InternalAction_action2_1112150                  InternalAction_action2_1112150_Entry            3.03358e-09 
Component3_Interface3_service3_2021_Task        Activity Name
                                                InternalAction_action1_2021250                  InternalAction_action1_2021250_Entry            2.03943e-09 
                                                InternalAction_action2_2021280                  InternalAction_action2_2021280_Entry            2.65126e-09 
UsageScenario_defaultUsageScenario_1_Task       Activity Name
                                                EntryLevelSystemCall3                           Component1_Interface1_service1_45_Entry         0           


Service times:

Task Name                                       Entry Name                                      Phase 1     
Component1_Interface1_service1_45_Task          Component1_Interface1_service1_45_Entry         0.298556    
                                                Activity Name
                                                StartAction_aName_456                           0           
                                                InternalAction_action_4570                      0.260968    
                                                BranchAction_branch_458                         0           
                                                StartAction_aName_459                           0           
                                                ExternalCallAction_aName_4510                   0.0367945   
                                                StopAction_aName_4517                           0           
                                                StartAction_aName_4518                          0           
                                                ExternalCallAction_aName_4519                   0.0407644   
                                                StopAction_aName_4531                           0           
                                                StopAction_aName_4532                           0           
Component2_Interface2_service2_1112_Task        Component2_Interface2_service2_1112_Entry       0.0368124   
                                                Activity Name
                                                StartAction_aName_111213                        0           
                                                InternalAction_action1_1112140                  0.0226538   
                                                InternalAction_action2_1112150                  0.0141586   
                                                StopAction_aName_111216                         0           
Component3_Interface3_service3_2021_Task        Component3_Interface3_service3_2021_Entry       0.0407843   
                                                Activity Name
                                                StartAction_aName_202122                        0           
                                                BranchAction_aName_202123                       0           
                                                StartAction_aName_202124                        0           
                                                InternalAction_action1_2021250                  0.034563    
                                                StopAction_aName_202126                         0           
                                                StartAction_aName_202127                        0           
                                                InternalAction_action2_2021280                  0.0449319   
                                                StopAction_aName_202129                         0           
                                                StopAction_aName_202130                         0           
Server Node 1_CPU_Task                          InternalAction_action_4570_Entry                0.261096    
                                                Server Node 1_CPU_Entry                         0           
Server Node 2_CPU_Task                          InternalAction_action1_1112140_Entry            0.0226538   
                                                InternalAction_action2_1112150_Entry            0.0141586   
                                                Server Node 2_CPU_Entry                         0           
Server Node 3_CPU_Task                          InternalAction_action1_2021250_Entry            0.034563    
                                                InternalAction_action2_2021280_Entry            0.0449318   
                                                Server Node 3_CPU_Entry                         0           
UsageScenario_defaultUsageScenario_1_Task       UsageScenario_defaultUsageScenario_1_Entry      0.298407    
                                                Activity Name
                                                Start2                                          0           
                                                EntryLevelSystemCall3                           0.298407    
                                                Stop33                                          0           


Service time variance (per phase)
and squared coefficient of variation (over all phases):

Task Name                                       Entry Name                                      Phase 1     coeff of var **2
Component1_Interface1_service1_45_Task          Component1_Interface1_service1_45_Entry         0.173678    1.94846     
                                                Activity Name
                                                StartAction_aName_456                           0           1           
                                                InternalAction_action_4570                      0.170425    1           
                                                BranchAction_branch_458                         0           1           
                                                StartAction_aName_459                           0           1           
                                                ExternalCallAction_aName_4510                   0.00470103  1           
                                                StopAction_aName_4517                           0           1           
                                                StartAction_aName_4518                          0           1           
                                                ExternalCallAction_aName_4519                   0.00604007  1           
                                                StopAction_aName_4531                           0           1           
                                                StopAction_aName_4532                           0           1           
Component2_Interface2_service2_1112_Task        Component2_Interface2_service2_1112_Entry       0.00199336  1.47095     
                                                Activity Name
                                                StartAction_aName_111213                        0           1           
                                                InternalAction_action1_1112140                  0.00143343  1           
                                                InternalAction_action2_1112150                  0.000559934 1           
                                                StopAction_aName_111216                         0           1           
Component3_Interface3_service3_2021_Task        Component3_Interface3_service3_2021_Entry       0.0027166   1.6332      
                                                Activity Name
                                                StartAction_aName_202122                        0           1           
                                                BranchAction_aName_202123                       0           1           
                                                StartAction_aName_202124                        0           1           
                                                InternalAction_action1_2021250                  0.00350182  1           
                                                StopAction_aName_202126                         0           1           
                                                StartAction_aName_202127                        0           1           
                                                InternalAction_action2_2021280                  0.00591808  1           
                                                StopAction_aName_202129                         0           1           
                                                StopAction_aName_202130                         0           1           
Server Node 1_CPU_Task                          InternalAction_action_4570_Entry                0.0342166   0.501924    
                                                Server Node 1_CPU_Entry                         0           0           
Server Node 2_CPU_Task                          InternalAction_action1_1112140_Entry            0.000407043 0.793156    
                                                InternalAction_action2_1112150_Entry            0.000159001 0.793156    
                                                Server Node 2_CPU_Entry                         0           0           
Server Node 3_CPU_Task                          InternalAction_action1_2021250_Entry            0.00111262  0.931378    
                                                InternalAction_action2_2021280_Entry            0.00188033  0.931378    
                                                Server Node 3_CPU_Entry                         0           0           
UsageScenario_defaultUsageScenario_1_Task       UsageScenario_defaultUsageScenario_1_Entry      0.0965049   1.08376     
                                                Activity Name
                                                Start2                                          0           1           
                                                EntryLevelSystemCall3                           0.0965049   1           
                                                Stop33                                          0           1           


Throughputs and utilizations per phase:

Task Name                                       Entry Name                                      Throughput  Phase 1     Total
Component1_Interface1_service1_45_Task          Component1_Interface1_service1_45_Entry         4.71824     1.40866     1.40866     
                                                Activity Name
                                                StartAction_aName_456                           4.71824     0           
                                                InternalAction_action_4570                      4.71824     1.23131     
                                                BranchAction_branch_458                         4.71824     0           
                                                StartAction_aName_459                           3.77459     0           
                                                ExternalCallAction_aName_4510                   3.77459     0.138884    
                                                StopAction_aName_4517                           3.77459     0           
                                                StartAction_aName_4518                          0.943647    0           
                                                ExternalCallAction_aName_4519                   0.943647    0.0384672   
                                                StopAction_aName_4531                           0.943647    0           
                                                StopAction_aName_4532                           4.71824     0           
Component2_Interface2_service2_1112_Task        Component2_Interface2_service2_1112_Entry       3.77446     0.138947    0.138947    
                                                Activity Name
                                                StartAction_aName_111213                        3.77446     0           
                                                InternalAction_action1_1112140                  3.77446     0.0855059   
                                                InternalAction_action2_1112150                  3.77446     0.0534412   
                                                StopAction_aName_111216                         3.77446     0           
Component3_Interface3_service3_2021_Task        Component3_Interface3_service3_2021_Entry       0.943616    0.0384847   0.0384847   
                                                Activity Name
                                                StartAction_aName_202122                        0.943616    0           
                                                BranchAction_aName_202123                       0.943616    0           
                                                StartAction_aName_202124                        0.377446    0           
                                                InternalAction_action1_2021250                  0.377446    0.0130457   
                                                StopAction_aName_202126                         0.377446    0           
                                                StartAction_aName_202127                        0.56617     0           
                                                InternalAction_action2_2021280                  0.56617     0.0254391   
                                                StopAction_aName_202129                         0.56617     0           
                                                StopAction_aName_202130                         0.943616    0           
Server Node 1_CPU_Task                          InternalAction_action_4570_Entry                4.71808     1.23187     1.23187     
                                                Server Node 1_CPU_Entry                         0           0           0           
                                                Total                                           4.71808     1.23187     1.23187     
Server Node 2_CPU_Task                          InternalAction_action1_1112140_Entry            3.77446     0.0855059   0.0855059   
                                                InternalAction_action2_1112150_Entry            3.77446     0.0534412   0.0534412   
                                                Server Node 2_CPU_Entry                         0           0           0           
                                                Total                                           7.54893     0.138947    0.138947    
Server Node 3_CPU_Task                          InternalAction_action1_2021250_Entry            0.377446    0.0130457   0.0130457   
                                                InternalAction_action2_2021280_Entry            0.56617     0.0254391   0.0254391   
                                                Server Node 3_CPU_Entry                         0           0           0           
                                                Total                                           0.943616    0.0384847   0.0384847   
UsageScenario_defaultUsageScenario_1_Task       UsageScenario_defaultUsageScenario_1_Entry      4.71824     1.40795     1.40795     
                                                Activity Name
                                                Start2                                          4.71824     0           
                                                EntryLevelSystemCall3                           4.71824     1.40795     
                                                Stop33                                          4.71824     0           


Utilization and waiting per phase for processor:  Server Node 1_CPU_Processor

Task Name                                       Pri n   Entry Name                                      Utilization Ph1 wait    
Server Node 1_CPU_Task                          0   100 InternalAction_action_4570_Entry                0.577724    0.138647    
                                                        Server Node 1_CPU_Entry                         0           0           
Server Node 1_CPU_Task                          Total                                                   0.577724    


Utilization and waiting per phase for processor:  Server Node 2_CPU_Processor

Task Name                                       Pri n   Entry Name                                      Utilization Ph1 wait    
Server Node 2_CPU_Task                          0   100 InternalAction_action1_1112140_Entry            0.0754893   0.00265377  
                                                        InternalAction_action2_1112150_Entry            0.0471808   0.00165861  
                                                        Server Node 2_CPU_Entry                         0           0           
Server Node 2_CPU_Task                          Total                                                   0.12267     


Utilization and waiting per phase for processor:  Server Node 3_CPU_Processor

Task Name                                       Pri n   Entry Name                                      Utilization Ph1 wait    
Server Node 3_CPU_Task                          0   100 InternalAction_action1_2021250_Entry            0.0125815   0.00122962  
                                                        InternalAction_action2_2021280_Entry            0.024534    0.00159851  
                                                        Server Node 3_CPU_Entry                         0           0           
Server Node 3_CPU_Task                          Total                                                   0.0371156   
